<?xml version="1.0" encoding="UTF-8"?>
<testsuite xmlns:xsi="http://www.w3.org/2001/XMLSchema-instance" xsi:noNamespaceSchemaLocation="https://maven.apache.org/surefire/maven-surefire-plugin/xsd/surefire-test-report.xsd" name="com.sgg.covid19.BaseTest" time="0.268" tests="1" errors="1" skipped="0" failures="0">
  <properties>
    <property name="sun.desktop" value="windows"/>
    <property name="awt.toolkit" value="sun.awt.windows.WToolkit"/>
    <property name="file.encoding.pkg" value="sun.io"/>
    <property name="java.specification.version" value="1.8"/>
    <property name="sun.cpu.isalist" value="amd64"/>
    <property name="sun.jnu.encoding" value="GBK"/>
    <property name="java.class.path" value="D:\covid19\target\test-classes;D:\covid19\target\classes;E:\apache-maven-3.6.3\repository\junit\junit\4.12\junit-4.12.jar;E:\apache-maven-3.6.3\repository\org\hamcrest\hamcrest-core\1.3\hamcrest-core-1.3.jar;E:\apache-maven-3.6.3\repository\ch\qos\logback\logback-classic\1.2.3\logback-classic-1.2.3.jar;E:\apache-maven-3.6.3\repository\ch\qos\logback\logback-core\1.2.3\logback-core-1.2.3.jar;E:\apache-maven-3.6.3\repository\org\slf4j\slf4j-api\1.7.25\slf4j-api-1.7.25.jar;E:\apache-maven-3.6.3\repository\org\springframework\spring-core\5.1.8.RELEASE\spring-core-5.1.8.RELEASE.jar;E:\apache-maven-3.6.3\repository\org\springframework\spring-jcl\5.1.8.RELEASE\spring-jcl-5.1.8.RELEASE.jar;E:\apache-maven-3.6.3\repository\org\springframework\spring-beans\5.1.8.RELEASE\spring-beans-5.1.8.RELEASE.jar;E:\apache-maven-3.6.3\repository\org\springframework\spring-context\5.1.8.RELEASE\spring-context-5.1.8.RELEASE.jar;E:\apache-maven-3.6.3\repository\org\springframework\spring-aop\5.1.8.RELEASE\spring-aop-5.1.8.RELEASE.jar;E:\apache-maven-3.6.3\repository\org\springframework\spring-expression\5.1.8.RELEASE\spring-expression-5.1.8.RELEASE.jar;E:\apache-maven-3.6.3\repository\org\springframework\spring-jdbc\5.1.8.RELEASE\spring-jdbc-5.1.8.RELEASE.jar;E:\apache-maven-3.6.3\repository\org\springframework\spring-tx\5.1.8.RELEASE\spring-tx-5.1.8.RELEASE.jar;E:\apache-maven-3.6.3\repository\org\springframework\spring-web\5.1.8.RELEASE\spring-web-5.1.8.RELEASE.jar;E:\apache-maven-3.6.3\repository\org\springframework\spring-webmvc\5.1.8.RELEASE\spring-webmvc-5.1.8.RELEASE.jar;E:\apache-maven-3.6.3\repository\org\springframework\spring-test\5.1.8.RELEASE\spring-test-5.1.8.RELEASE.jar;E:\apache-maven-3.6.3\repository\javax\servlet\javax.servlet-api\4.0.1\javax.servlet-api-4.0.1.jar;E:\apache-maven-3.6.3\repository\com\fasterxml\jackson\core\jackson-databind\2.9.9\jackson-databind-2.9.9.jar;E:\apache-maven-3.6.3\repository\com\fasterxml\jackson\core\jackson-annotations\2.9.0\jackson-annotations-2.9.0.jar;E:\apache-maven-3.6.3\repository\com\fasterxml\jackson\core\jackson-core\2.9.9\jackson-core-2.9.9.jar;E:\apache-maven-3.6.3\repository\commons-collections\commons-collections\3.2.2\commons-collections-3.2.2.jar;E:\apache-maven-3.6.3\repository\org\mybatis\mybatis\3.5.1\mybatis-3.5.1.jar;E:\apache-maven-3.6.3\repository\org\mybatis\mybatis-spring\2.0.1\mybatis-spring-2.0.1.jar;E:\apache-maven-3.6.3\repository\mysql\mysql-connector-java\8.0.16\mysql-connector-java-8.0.16.jar;E:\apache-maven-3.6.3\repository\com\google\protobuf\protobuf-java\3.6.1\protobuf-java-3.6.1.jar;E:\apache-maven-3.6.3\repository\com\mchange\c3p0\0.9.5.4\c3p0-0.9.5.4.jar;E:\apache-maven-3.6.3\repository\com\mchange\mchange-commons-java\0.2.15\mchange-commons-java-0.2.15.jar;E:\apache-maven-3.6.3\repository\commons-fileupload\commons-fileupload\1.4\commons-fileupload-1.4.jar;E:\apache-maven-3.6.3\repository\commons-io\commons-io\2.2\commons-io-2.2.jar;E:\apache-maven-3.6.3\repository\com\github\pagehelper\pagehelper\5.1.11\pagehelper-5.1.11.jar;E:\apache-maven-3.6.3\repository\com\github\jsqlparser\jsqlparser\2.0\jsqlparser-2.0.jar;"/>
    <property name="java.vm.vendor" value="Oracle Corporation"/>
    <property name="sun.arch.data.model" value="64"/>
    <property name="user.variant" value=""/>
    <property name="java.vendor.url" value="http://java.oracle.com/"/>
    <property name="user.timezone" value="Asia/Shanghai"/>
    <property name="java.vm.specification.version" value="1.8"/>
    <property name="os.name" value="Windows 10"/>
    <property name="user.country" value="CN"/>
    <property name="sun.java.launcher" value="SUN_STANDARD"/>
    <property name="sun.boot.library.path" value="C:\Program Files\Java\jdk1.8.0_241\jre\bin"/>
    <property name="sun.java.command" value="C:\Users\Chance\AppData\Local\Temp\surefire3382505334992110650\surefirebooter8015420325215136454.jar C:\Users\Chance\AppData\Local\Temp\surefire3382505334992110650 2020-05-18T15-27-41_939-jvmRun1 surefire3461583495895935316tmp surefire_04175413834528223404tmp"/>
    <property name="surefire.test.class.path" value="D:\covid19\target\test-classes;D:\covid19\target\classes;E:\apache-maven-3.6.3\repository\junit\junit\4.12\junit-4.12.jar;E:\apache-maven-3.6.3\repository\org\hamcrest\hamcrest-core\1.3\hamcrest-core-1.3.jar;E:\apache-maven-3.6.3\repository\ch\qos\logback\logback-classic\1.2.3\logback-classic-1.2.3.jar;E:\apache-maven-3.6.3\repository\ch\qos\logback\logback-core\1.2.3\logback-core-1.2.3.jar;E:\apache-maven-3.6.3\repository\org\slf4j\slf4j-api\1.7.25\slf4j-api-1.7.25.jar;E:\apache-maven-3.6.3\repository\org\springframework\spring-core\5.1.8.RELEASE\spring-core-5.1.8.RELEASE.jar;E:\apache-maven-3.6.3\repository\org\springframework\spring-jcl\5.1.8.RELEASE\spring-jcl-5.1.8.RELEASE.jar;E:\apache-maven-3.6.3\repository\org\springframework\spring-beans\5.1.8.RELEASE\spring-beans-5.1.8.RELEASE.jar;E:\apache-maven-3.6.3\repository\org\springframework\spring-context\5.1.8.RELEASE\spring-context-5.1.8.RELEASE.jar;E:\apache-maven-3.6.3\repository\org\springframework\spring-aop\5.1.8.RELEASE\spring-aop-5.1.8.RELEASE.jar;E:\apache-maven-3.6.3\repository\org\springframework\spring-expression\5.1.8.RELEASE\spring-expression-5.1.8.RELEASE.jar;E:\apache-maven-3.6.3\repository\org\springframework\spring-jdbc\5.1.8.RELEASE\spring-jdbc-5.1.8.RELEASE.jar;E:\apache-maven-3.6.3\repository\org\springframework\spring-tx\5.1.8.RELEASE\spring-tx-5.1.8.RELEASE.jar;E:\apache-maven-3.6.3\repository\org\springframework\spring-web\5.1.8.RELEASE\spring-web-5.1.8.RELEASE.jar;E:\apache-maven-3.6.3\repository\org\springframework\spring-webmvc\5.1.8.RELEASE\spring-webmvc-5.1.8.RELEASE.jar;E:\apache-maven-3.6.3\repository\org\springframework\spring-test\5.1.8.RELEASE\spring-test-5.1.8.RELEASE.jar;E:\apache-maven-3.6.3\repository\javax\servlet\javax.servlet-api\4.0.1\javax.servlet-api-4.0.1.jar;E:\apache-maven-3.6.3\repository\com\fasterxml\jackson\core\jackson-databind\2.9.9\jackson-databind-2.9.9.jar;E:\apache-maven-3.6.3\repository\com\fasterxml\jackson\core\jackson-annotations\2.9.0\jackson-annotations-2.9.0.jar;E:\apache-maven-3.6.3\repository\com\fasterxml\jackson\core\jackson-core\2.9.9\jackson-core-2.9.9.jar;E:\apache-maven-3.6.3\repository\commons-collections\commons-collections\3.2.2\commons-collections-3.2.2.jar;E:\apache-maven-3.6.3\repository\org\mybatis\mybatis\3.5.1\mybatis-3.5.1.jar;E:\apache-maven-3.6.3\repository\org\mybatis\mybatis-spring\2.0.1\mybatis-spring-2.0.1.jar;E:\apache-maven-3.6.3\repository\mysql\mysql-connector-java\8.0.16\mysql-connector-java-8.0.16.jar;E:\apache-maven-3.6.3\repository\com\google\protobuf\protobuf-java\3.6.1\protobuf-java-3.6.1.jar;E:\apache-maven-3.6.3\repository\com\mchange\c3p0\0.9.5.4\c3p0-0.9.5.4.jar;E:\apache-maven-3.6.3\repository\com\mchange\mchange-commons-java\0.2.15\mchange-commons-java-0.2.15.jar;E:\apache-maven-3.6.3\repository\commons-fileupload\commons-fileupload\1.4\commons-fileupload-1.4.jar;E:\apache-maven-3.6.3\repository\commons-io\commons-io\2.2\commons-io-2.2.jar;E:\apache-maven-3.6.3\repository\com\github\pagehelper\pagehelper\5.1.11\pagehelper-5.1.11.jar;E:\apache-maven-3.6.3\repository\com\github\jsqlparser\jsqlparser\2.0\jsqlparser-2.0.jar;"/>
    <property name="sun.cpu.endian" value="little"/>
    <property name="user.home" value="C:\Users\Chance"/>
    <property name="user.language" value="zh"/>
    <property name="java.specification.vendor" value="Oracle Corporation"/>
    <property name="java.home" value="C:\Program Files\Java\jdk1.8.0_241\jre"/>
    <property name="basedir" value="D:\covid19"/>
    <property name="file.separator" value="\"/>
    <property name="line.separator" value="&#10;"/>
    <property name="java.vm.specification.vendor" value="Oracle Corporation"/>
    <property name="java.specification.name" value="Java Platform API Specification"/>
    <property name="java.awt.graphicsenv" value="sun.awt.Win32GraphicsEnvironment"/>
    <property name="surefire.real.class.path" value="C:\Users\Chance\AppData\Local\Temp\surefire3382505334992110650\surefirebooter8015420325215136454.jar"/>
    <property name="sun.boot.class.path" value="C:\Program Files\Java\jdk1.8.0_241\jre\lib\resources.jar;C:\Program Files\Java\jdk1.8.0_241\jre\lib\rt.jar;C:\Program Files\Java\jdk1.8.0_241\jre\lib\sunrsasign.jar;C:\Program Files\Java\jdk1.8.0_241\jre\lib\jsse.jar;C:\Program Files\Java\jdk1.8.0_241\jre\lib\jce.jar;C:\Program Files\Java\jdk1.8.0_241\jre\lib\charsets.jar;C:\Program Files\Java\jdk1.8.0_241\jre\lib\jfr.jar;C:\Program Files\Java\jdk1.8.0_241\jre\classes"/>
    <property name="user.script" value=""/>
    <property name="sun.management.compiler" value="HotSpot 64-Bit Tiered Compilers"/>
    <property name="java.runtime.version" value="1.8.0_241-b07"/>
    <property name="user.name" value="马传昕"/>
    <property name="path.separator" value=";"/>
    <property name="os.version" value="10.0"/>
    <property name="java.endorsed.dirs" value="C:\Program Files\Java\jdk1.8.0_241\jre\lib\endorsed"/>
    <property name="java.runtime.name" value="Java(TM) SE Runtime Environment"/>
    <property name="file.encoding" value="GBK"/>
    <property name="java.vm.name" value="Java HotSpot(TM) 64-Bit Server VM"/>
    <property name="localRepository" value="E:\apache-maven-3.6.3\repository"/>
    <property name="java.vendor.url.bug" value="http://bugreport.sun.com/bugreport/"/>
    <property name="java.io.tmpdir" value="C:\Users\Chance\AppData\Local\Temp\"/>
    <property name="java.version" value="1.8.0_241"/>
    <property name="user.dir" value="D:\covid19"/>
    <property name="os.arch" value="amd64"/>
    <property name="java.vm.specification.name" value="Java Virtual Machine Specification"/>
    <property name="java.awt.printerjob" value="sun.awt.windows.WPrinterJob"/>
    <property name="sun.os.patch.level" value=""/>
    <property name="idea.version2019.3.3" value="true"/>
    <property name="java.library.path" value="C:\Program Files\Java\jdk1.8.0_241\jre\bin;C:\Windows\Sun\Java\bin;C:\Windows\system32;C:\Windows;D:\Python37\Scripts\;D:\Python37\;C:\Program Files (x86)\Common Files\Oracle\Java\javapath;C:\Windows\system32;C:\Windows;C:\Windows\System32\Wbem;C:\Windows\System32\WindowsPowerShell\v1.0\;C:\Windows\System32\OpenSSH\;E:\apache-tomcat-9.0.31\bin;E:\apache-maven-3.6.3\bin;E:\nodejs\;E:\nodejs\node_global;D:\Python27\;E:\Git\cmd;C:\Users\Chance\AppData\Local\Microsoft\WindowsApps;E:\Microsoft VS Code\bin;C:\Program Files\Java\jdk1.8.0_241\bin;E:\Bandizip\;E:\mysql-5.7.28-winx64\bin;C:\Users\Chance\AppData\Roaming\npm;."/>
    <property name="java.vm.info" value="mixed mode"/>
    <property name="java.vendor" value="Oracle Corporation"/>
    <property name="java.vm.version" value="25.241-b07"/>
    <property name="java.ext.dirs" value="C:\Program Files\Java\jdk1.8.0_241\jre\lib\ext;C:\Windows\Sun\Java\lib\ext"/>
    <property name="sun.io.unicode.encoding" value="UnicodeLittle"/>
    <property name="maven.repo.local" value="E:\apache-maven-3.6.3\repository"/>
    <property name="java.class.version" value="52.0"/>
  </properties>
  <testcase name="initializationError" classname="com.sgg.covid19.BaseTest" time="0.011">
    <error message="No runnable methods" type="java.lang.Exception">java.lang.Exception: No runnable methods
</error>
  </testcase>
</testsuite>