<?xml version="1.0" encoding="UTF-8"?>
<testsuite xmlns:xsi="http://www.w3.org/2001/XMLSchema-instance" xsi:noNamespaceSchemaLocation="https://maven.apache.org/surefire/maven-surefire-plugin/xsd/surefire-test-report.xsd" name="com.sgg.covid19.dao.AreaDaoTest" time="4.269" tests="1" errors="1" skipped="0" failures="0">
  <properties>
    <property name="sun.desktop" value="windows"/>
    <property name="awt.toolkit" value="sun.awt.windows.WToolkit"/>
    <property name="file.encoding.pkg" value="sun.io"/>
    <property name="java.specification.version" value="1.8"/>
    <property name="sun.cpu.isalist" value="amd64"/>
    <property name="sun.jnu.encoding" value="GBK"/>
    <property name="java.class.path" value="D:\covid19\target\test-classes;D:\covid19\target\classes;E:\apache-maven-3.6.3\repository\junit\junit\4.12\junit-4.12.jar;E:\apache-maven-3.6.3\repository\org\hamcrest\hamcrest-core\1.3\hamcrest-core-1.3.jar;E:\apache-maven-3.6.3\repository\ch\qos\logback\logback-classic\1.2.3\logback-classic-1.2.3.jar;E:\apache-maven-3.6.3\repository\ch\qos\logback\logback-core\1.2.3\logback-core-1.2.3.jar;E:\apache-maven-3.6.3\repository\org\slf4j\slf4j-api\1.7.25\slf4j-api-1.7.25.jar;E:\apache-maven-3.6.3\repository\org\springframework\spring-core\5.1.8.RELEASE\spring-core-5.1.8.RELEASE.jar;E:\apache-maven-3.6.3\repository\org\springframework\spring-jcl\5.1.8.RELEASE\spring-jcl-5.1.8.RELEASE.jar;E:\apache-maven-3.6.3\repository\org\springframework\spring-beans\5.1.8.RELEASE\spring-beans-5.1.8.RELEASE.jar;E:\apache-maven-3.6.3\repository\org\springframework\spring-context\5.1.8.RELEASE\spring-context-5.1.8.RELEASE.jar;E:\apache-maven-3.6.3\repository\org\springframework\spring-aop\5.1.8.RELEASE\spring-aop-5.1.8.RELEASE.jar;E:\apache-maven-3.6.3\repository\org\springframework\spring-expression\5.1.8.RELEASE\spring-expression-5.1.8.RELEASE.jar;E:\apache-maven-3.6.3\repository\org\springframework\spring-jdbc\5.1.8.RELEASE\spring-jdbc-5.1.8.RELEASE.jar;E:\apache-maven-3.6.3\repository\org\springframework\spring-tx\5.1.8.RELEASE\spring-tx-5.1.8.RELEASE.jar;E:\apache-maven-3.6.3\repository\org\springframework\spring-web\5.1.8.RELEASE\spring-web-5.1.8.RELEASE.jar;E:\apache-maven-3.6.3\repository\org\springframework\spring-webmvc\5.1.8.RELEASE\spring-webmvc-5.1.8.RELEASE.jar;E:\apache-maven-3.6.3\repository\org\springframework\spring-test\5.1.8.RELEASE\spring-test-5.1.8.RELEASE.jar;E:\apache-maven-3.6.3\repository\javax\servlet\javax.servlet-api\4.0.1\javax.servlet-api-4.0.1.jar;E:\apache-maven-3.6.3\repository\com\fasterxml\jackson\core\jackson-databind\2.9.9\jackson-databind-2.9.9.jar;E:\apache-maven-3.6.3\repository\com\fasterxml\jackson\core\jackson-annotations\2.9.0\jackson-annotations-2.9.0.jar;E:\apache-maven-3.6.3\repository\com\fasterxml\jackson\core\jackson-core\2.9.9\jackson-core-2.9.9.jar;E:\apache-maven-3.6.3\repository\commons-collections\commons-collections\3.2.2\commons-collections-3.2.2.jar;E:\apache-maven-3.6.3\repository\org\mybatis\mybatis\3.5.1\mybatis-3.5.1.jar;E:\apache-maven-3.6.3\repository\org\mybatis\mybatis-spring\2.0.1\mybatis-spring-2.0.1.jar;E:\apache-maven-3.6.3\repository\mysql\mysql-connector-java\8.0.16\mysql-connector-java-8.0.16.jar;E:\apache-maven-3.6.3\repository\com\google\protobuf\protobuf-java\3.6.1\protobuf-java-3.6.1.jar;E:\apache-maven-3.6.3\repository\com\mchange\c3p0\0.9.5.4\c3p0-0.9.5.4.jar;E:\apache-maven-3.6.3\repository\com\mchange\mchange-commons-java\0.2.15\mchange-commons-java-0.2.15.jar;E:\apache-maven-3.6.3\repository\commons-fileupload\commons-fileupload\1.4\commons-fileupload-1.4.jar;E:\apache-maven-3.6.3\repository\commons-io\commons-io\2.2\commons-io-2.2.jar;E:\apache-maven-3.6.3\repository\com\github\pagehelper\pagehelper\5.1.11\pagehelper-5.1.11.jar;E:\apache-maven-3.6.3\repository\com\github\jsqlparser\jsqlparser\2.0\jsqlparser-2.0.jar;"/>
    <property name="java.vm.vendor" value="Oracle Corporation"/>
    <property name="sun.arch.data.model" value="64"/>
    <property name="user.variant" value=""/>
    <property name="java.vendor.url" value="http://java.oracle.com/"/>
    <property name="user.timezone" value="Asia/Shanghai"/>
    <property name="java.vm.specification.version" value="1.8"/>
    <property name="os.name" value="Windows 10"/>
    <property name="user.country" value="CN"/>
    <property name="sun.java.launcher" value="SUN_STANDARD"/>
    <property name="sun.boot.library.path" value="C:\Program Files\Java\jdk1.8.0_241\jre\bin"/>
    <property name="sun.java.command" value="C:\Users\Chance\AppData\Local\Temp\surefire3382505334992110650\surefirebooter8015420325215136454.jar C:\Users\Chance\AppData\Local\Temp\surefire3382505334992110650 2020-05-18T15-27-41_939-jvmRun1 surefire3461583495895935316tmp surefire_04175413834528223404tmp"/>
    <property name="surefire.test.class.path" value="D:\covid19\target\test-classes;D:\covid19\target\classes;E:\apache-maven-3.6.3\repository\junit\junit\4.12\junit-4.12.jar;E:\apache-maven-3.6.3\repository\org\hamcrest\hamcrest-core\1.3\hamcrest-core-1.3.jar;E:\apache-maven-3.6.3\repository\ch\qos\logback\logback-classic\1.2.3\logback-classic-1.2.3.jar;E:\apache-maven-3.6.3\repository\ch\qos\logback\logback-core\1.2.3\logback-core-1.2.3.jar;E:\apache-maven-3.6.3\repository\org\slf4j\slf4j-api\1.7.25\slf4j-api-1.7.25.jar;E:\apache-maven-3.6.3\repository\org\springframework\spring-core\5.1.8.RELEASE\spring-core-5.1.8.RELEASE.jar;E:\apache-maven-3.6.3\repository\org\springframework\spring-jcl\5.1.8.RELEASE\spring-jcl-5.1.8.RELEASE.jar;E:\apache-maven-3.6.3\repository\org\springframework\spring-beans\5.1.8.RELEASE\spring-beans-5.1.8.RELEASE.jar;E:\apache-maven-3.6.3\repository\org\springframework\spring-context\5.1.8.RELEASE\spring-context-5.1.8.RELEASE.jar;E:\apache-maven-3.6.3\repository\org\springframework\spring-aop\5.1.8.RELEASE\spring-aop-5.1.8.RELEASE.jar;E:\apache-maven-3.6.3\repository\org\springframework\spring-expression\5.1.8.RELEASE\spring-expression-5.1.8.RELEASE.jar;E:\apache-maven-3.6.3\repository\org\springframework\spring-jdbc\5.1.8.RELEASE\spring-jdbc-5.1.8.RELEASE.jar;E:\apache-maven-3.6.3\repository\org\springframework\spring-tx\5.1.8.RELEASE\spring-tx-5.1.8.RELEASE.jar;E:\apache-maven-3.6.3\repository\org\springframework\spring-web\5.1.8.RELEASE\spring-web-5.1.8.RELEASE.jar;E:\apache-maven-3.6.3\repository\org\springframework\spring-webmvc\5.1.8.RELEASE\spring-webmvc-5.1.8.RELEASE.jar;E:\apache-maven-3.6.3\repository\org\springframework\spring-test\5.1.8.RELEASE\spring-test-5.1.8.RELEASE.jar;E:\apache-maven-3.6.3\repository\javax\servlet\javax.servlet-api\4.0.1\javax.servlet-api-4.0.1.jar;E:\apache-maven-3.6.3\repository\com\fasterxml\jackson\core\jackson-databind\2.9.9\jackson-databind-2.9.9.jar;E:\apache-maven-3.6.3\repository\com\fasterxml\jackson\core\jackson-annotations\2.9.0\jackson-annotations-2.9.0.jar;E:\apache-maven-3.6.3\repository\com\fasterxml\jackson\core\jackson-core\2.9.9\jackson-core-2.9.9.jar;E:\apache-maven-3.6.3\repository\commons-collections\commons-collections\3.2.2\commons-collections-3.2.2.jar;E:\apache-maven-3.6.3\repository\org\mybatis\mybatis\3.5.1\mybatis-3.5.1.jar;E:\apache-maven-3.6.3\repository\org\mybatis\mybatis-spring\2.0.1\mybatis-spring-2.0.1.jar;E:\apache-maven-3.6.3\repository\mysql\mysql-connector-java\8.0.16\mysql-connector-java-8.0.16.jar;E:\apache-maven-3.6.3\repository\com\google\protobuf\protobuf-java\3.6.1\protobuf-java-3.6.1.jar;E:\apache-maven-3.6.3\repository\com\mchange\c3p0\0.9.5.4\c3p0-0.9.5.4.jar;E:\apache-maven-3.6.3\repository\com\mchange\mchange-commons-java\0.2.15\mchange-commons-java-0.2.15.jar;E:\apache-maven-3.6.3\repository\commons-fileupload\commons-fileupload\1.4\commons-fileupload-1.4.jar;E:\apache-maven-3.6.3\repository\commons-io\commons-io\2.2\commons-io-2.2.jar;E:\apache-maven-3.6.3\repository\com\github\pagehelper\pagehelper\5.1.11\pagehelper-5.1.11.jar;E:\apache-maven-3.6.3\repository\com\github\jsqlparser\jsqlparser\2.0\jsqlparser-2.0.jar;"/>
    <property name="sun.cpu.endian" value="little"/>
    <property name="user.home" value="C:\Users\Chance"/>
    <property name="user.language" value="zh"/>
    <property name="java.specification.vendor" value="Oracle Corporation"/>
    <property name="java.home" value="C:\Program Files\Java\jdk1.8.0_241\jre"/>
    <property name="basedir" value="D:\covid19"/>
    <property name="file.separator" value="\"/>
    <property name="line.separator" value="&#10;"/>
    <property name="java.vm.specification.vendor" value="Oracle Corporation"/>
    <property name="java.specification.name" value="Java Platform API Specification"/>
    <property name="java.awt.graphicsenv" value="sun.awt.Win32GraphicsEnvironment"/>
    <property name="surefire.real.class.path" value="C:\Users\Chance\AppData\Local\Temp\surefire3382505334992110650\surefirebooter8015420325215136454.jar"/>
    <property name="sun.boot.class.path" value="C:\Program Files\Java\jdk1.8.0_241\jre\lib\resources.jar;C:\Program Files\Java\jdk1.8.0_241\jre\lib\rt.jar;C:\Program Files\Java\jdk1.8.0_241\jre\lib\sunrsasign.jar;C:\Program Files\Java\jdk1.8.0_241\jre\lib\jsse.jar;C:\Program Files\Java\jdk1.8.0_241\jre\lib\jce.jar;C:\Program Files\Java\jdk1.8.0_241\jre\lib\charsets.jar;C:\Program Files\Java\jdk1.8.0_241\jre\lib\jfr.jar;C:\Program Files\Java\jdk1.8.0_241\jre\classes"/>
    <property name="user.script" value=""/>
    <property name="sun.management.compiler" value="HotSpot 64-Bit Tiered Compilers"/>
    <property name="java.runtime.version" value="1.8.0_241-b07"/>
    <property name="user.name" value="马传昕"/>
    <property name="path.separator" value=";"/>
    <property name="os.version" value="10.0"/>
    <property name="java.endorsed.dirs" value="C:\Program Files\Java\jdk1.8.0_241\jre\lib\endorsed"/>
    <property name="java.runtime.name" value="Java(TM) SE Runtime Environment"/>
    <property name="file.encoding" value="GBK"/>
    <property name="java.vm.name" value="Java HotSpot(TM) 64-Bit Server VM"/>
    <property name="localRepository" value="E:\apache-maven-3.6.3\repository"/>
    <property name="java.vendor.url.bug" value="http://bugreport.sun.com/bugreport/"/>
    <property name="java.io.tmpdir" value="C:\Users\Chance\AppData\Local\Temp\"/>
    <property name="java.version" value="1.8.0_241"/>
    <property name="user.dir" value="D:\covid19"/>
    <property name="os.arch" value="amd64"/>
    <property name="java.vm.specification.name" value="Java Virtual Machine Specification"/>
    <property name="java.awt.printerjob" value="sun.awt.windows.WPrinterJob"/>
    <property name="sun.os.patch.level" value=""/>
    <property name="idea.version2019.3.3" value="true"/>
    <property name="java.library.path" value="C:\Program Files\Java\jdk1.8.0_241\jre\bin;C:\Windows\Sun\Java\bin;C:\Windows\system32;C:\Windows;D:\Python37\Scripts\;D:\Python37\;C:\Program Files (x86)\Common Files\Oracle\Java\javapath;C:\Windows\system32;C:\Windows;C:\Windows\System32\Wbem;C:\Windows\System32\WindowsPowerShell\v1.0\;C:\Windows\System32\OpenSSH\;E:\apache-tomcat-9.0.31\bin;E:\apache-maven-3.6.3\bin;E:\nodejs\;E:\nodejs\node_global;D:\Python27\;E:\Git\cmd;C:\Users\Chance\AppData\Local\Microsoft\WindowsApps;E:\Microsoft VS Code\bin;C:\Program Files\Java\jdk1.8.0_241\bin;E:\Bandizip\;E:\mysql-5.7.28-winx64\bin;C:\Users\Chance\AppData\Roaming\npm;."/>
    <property name="java.vm.info" value="mixed mode"/>
    <property name="java.vendor" value="Oracle Corporation"/>
    <property name="java.vm.version" value="25.241-b07"/>
    <property name="java.ext.dirs" value="C:\Program Files\Java\jdk1.8.0_241\jre\lib\ext;C:\Windows\Sun\Java\lib\ext"/>
    <property name="sun.io.unicode.encoding" value="UnicodeLittle"/>
    <property name="maven.repo.local" value="E:\apache-maven-3.6.3\repository"/>
    <property name="java.class.version" value="52.0"/>
  </properties>
  <testcase name="testQueryArea" classname="com.sgg.covid19.dao.AreaDaoTest" time="1.874">
    <error message="&#10;### Error querying database.  Cause: java.sql.SQLSyntaxErrorException: Table &apos;covid19.tb_area&apos; doesn&apos;t exist&#10;### The error may exist in file [D:\covid19\target\classes\mapper\AreaDao.xml]&#10;### The error may involve defaultParameterMap&#10;### The error occurred while setting parameters&#10;### SQL: SELECT area_id,area_name         FROM tb_area&#10;### Cause: java.sql.SQLSyntaxErrorException: Table &apos;covid19.tb_area&apos; doesn&apos;t exist&#10;; bad SQL grammar []; nested exception is java.sql.SQLSyntaxErrorException: Table &apos;covid19.tb_area&apos; doesn&apos;t exist" type="org.springframework.jdbc.BadSqlGrammarException">org.springframework.jdbc.BadSqlGrammarException: 

### Error querying database.  Cause: java.sql.SQLSyntaxErrorException: Table 'covid19.tb_area' doesn't exist
### The error may exist in file [D:\covid19\target\classes\mapper\AreaDao.xml]
### The error may involve defaultParameterMap
### The error occurred while setting parameters
### SQL: SELECT area_id,area_name         FROM tb_area
### Cause: java.sql.SQLSyntaxErrorException: Table 'covid19.tb_area' doesn't exist
; bad SQL grammar []; nested exception is java.sql.SQLSyntaxErrorException: Table 'covid19.tb_area' doesn't exist
	at com.sgg.covid19.dao.AreaDaoTest.testQueryArea(AreaDaoTest.java:18)
Caused by: java.sql.SQLSyntaxErrorException: Table 'covid19.tb_area' doesn't exist
	at com.sgg.covid19.dao.AreaDaoTest.testQueryArea(AreaDaoTest.java:18)
</error>
    <system-out><![CDATA[15:27:45.763 [main] DEBUG org.springframework.test.context.junit4.SpringJUnit4ClassRunner - SpringJUnit4ClassRunner constructor called with [class com.sgg.covid19.dao.AreaDaoTest]
15:27:45.771 [main] DEBUG org.springframework.test.context.BootstrapUtils - Instantiating CacheAwareContextLoaderDelegate from class [org.springframework.test.context.cache.DefaultCacheAwareContextLoaderDelegate]
15:27:45.787 [main] DEBUG org.springframework.test.context.BootstrapUtils - Instantiating BootstrapContext using constructor [public org.springframework.test.context.support.DefaultBootstrapContext(java.lang.Class,org.springframework.test.context.CacheAwareContextLoaderDelegate)]
15:27:45.807 [main] DEBUG org.springframework.test.context.BootstrapUtils - Instantiating TestContextBootstrapper for test class [com.sgg.covid19.dao.AreaDaoTest] from class [org.springframework.test.context.support.DefaultTestContextBootstrapper]
15:27:45.855 [main] DEBUG org.springframework.test.context.support.AbstractDelegatingSmartContextLoader - Delegating to GenericXmlContextLoader to process context configuration [ContextConfigurationAttributes@79be0360 declaringClass = 'com.sgg.covid19.BaseTest', classes = '{}', locations = '{classpath:spring/spring-dao.xml, classpath:spring/spring-service.xml}', inheritLocations = true, initializers = '{}', inheritInitializers = true, name = [null], contextLoaderClass = 'org.springframework.test.context.ContextLoader'].
15:27:45.887 [main] DEBUG org.springframework.test.context.support.ActiveProfilesUtils - Could not find an 'annotation declaring class' for annotation type [org.springframework.test.context.ActiveProfiles] and class [com.sgg.covid19.dao.AreaDaoTest]
15:27:45.889 [main] DEBUG org.springframework.test.context.support.DefaultTestContextBootstrapper - @TestExecutionListeners is not present for class [com.sgg.covid19.dao.AreaDaoTest]: using defaults.
15:27:45.891 [main] INFO org.springframework.test.context.support.DefaultTestContextBootstrapper - Loaded default TestExecutionListener class names from location [META-INF/spring.factories]: [org.springframework.test.context.web.ServletTestExecutionListener, org.springframework.test.context.support.DirtiesContextBeforeModesTestExecutionListener, org.springframework.test.context.support.DependencyInjectionTestExecutionListener, org.springframework.test.context.support.DirtiesContextTestExecutionListener, org.springframework.test.context.transaction.TransactionalTestExecutionListener, org.springframework.test.context.jdbc.SqlScriptsTestExecutionListener]
15:27:45.921 [main] INFO org.springframework.test.context.support.DefaultTestContextBootstrapper - Using TestExecutionListeners: [org.springframework.test.context.web.ServletTestExecutionListener@45820e51, org.springframework.test.context.support.DirtiesContextBeforeModesTestExecutionListener@42d8062c, org.springframework.test.context.support.DependencyInjectionTestExecutionListener@6043cd28, org.springframework.test.context.support.DirtiesContextTestExecutionListener@cb51256, org.springframework.test.context.transaction.TransactionalTestExecutionListener@59906517, org.springframework.test.context.jdbc.SqlScriptsTestExecutionListener@5bfbf16f]
15:27:45.923 [main] DEBUG org.springframework.test.annotation.ProfileValueUtils - Retrieved @ProfileValueSourceConfiguration [null] for test class [com.sgg.covid19.dao.AreaDaoTest]
15:27:45.924 [main] DEBUG org.springframework.test.annotation.ProfileValueUtils - Retrieved ProfileValueSource type [class org.springframework.test.annotation.SystemProfileValueSource] for class [com.sgg.covid19.dao.AreaDaoTest]
15:27:45.925 [main] DEBUG org.springframework.test.annotation.ProfileValueUtils - Retrieved @ProfileValueSourceConfiguration [null] for test class [com.sgg.covid19.dao.AreaDaoTest]
15:27:45.925 [main] DEBUG org.springframework.test.annotation.ProfileValueUtils - Retrieved ProfileValueSource type [class org.springframework.test.annotation.SystemProfileValueSource] for class [com.sgg.covid19.dao.AreaDaoTest]
15:27:45.926 [main] DEBUG org.springframework.test.annotation.ProfileValueUtils - Retrieved @ProfileValueSourceConfiguration [null] for test class [com.sgg.covid19.dao.AreaDaoTest]
15:27:45.926 [main] DEBUG org.springframework.test.annotation.ProfileValueUtils - Retrieved ProfileValueSource type [class org.springframework.test.annotation.SystemProfileValueSource] for class [com.sgg.covid19.dao.AreaDaoTest]
15:27:45.930 [main] DEBUG org.springframework.test.context.support.AbstractDirtiesContextTestExecutionListener - Before test class: context [DefaultTestContext@1a3869f4 testClass = AreaDaoTest, testInstance = [null], testMethod = [null], testException = [null], mergedContextConfiguration = [MergedContextConfiguration@a38d7a3 testClass = AreaDaoTest, locations = '{classpath:spring/spring-dao.xml, classpath:spring/spring-service.xml}', classes = '{}', contextInitializerClasses = '[]', activeProfiles = '{}', propertySourceLocations = '{}', propertySourceProperties = '{}', contextCustomizers = set[[empty]], contextLoader = 'org.springframework.test.context.support.DelegatingSmartContextLoader', parent = [null]], attributes = map[[empty]]], class annotated with @DirtiesContext [false] with mode [null].
15:27:45.930 [main] DEBUG org.springframework.test.annotation.ProfileValueUtils - Retrieved @ProfileValueSourceConfiguration [null] for test class [com.sgg.covid19.dao.AreaDaoTest]
15:27:45.930 [main] DEBUG org.springframework.test.annotation.ProfileValueUtils - Retrieved ProfileValueSource type [class org.springframework.test.annotation.SystemProfileValueSource] for class [com.sgg.covid19.dao.AreaDaoTest]
15:27:45.934 [main] DEBUG org.springframework.test.context.support.DependencyInjectionTestExecutionListener - Performing dependency injection for test context [[DefaultTestContext@1a3869f4 testClass = AreaDaoTest, testInstance = com.sgg.covid19.dao.AreaDaoTest@612679d6, testMethod = [null], testException = [null], mergedContextConfiguration = [MergedContextConfiguration@a38d7a3 testClass = AreaDaoTest, locations = '{classpath:spring/spring-dao.xml, classpath:spring/spring-service.xml}', classes = '{}', contextInitializerClasses = '[]', activeProfiles = '{}', propertySourceLocations = '{}', propertySourceProperties = '{}', contextCustomizers = set[[empty]], contextLoader = 'org.springframework.test.context.support.DelegatingSmartContextLoader', parent = [null]], attributes = map[[empty]]]].
15:27:45.935 [main] DEBUG org.springframework.test.context.support.AbstractDelegatingSmartContextLoader - Delegating to GenericXmlContextLoader to load context from [MergedContextConfiguration@a38d7a3 testClass = AreaDaoTest, locations = '{classpath:spring/spring-dao.xml, classpath:spring/spring-service.xml}', classes = '{}', contextInitializerClasses = '[]', activeProfiles = '{}', propertySourceLocations = '{}', propertySourceProperties = '{}', contextCustomizers = set[[empty]], contextLoader = 'org.springframework.test.context.support.DelegatingSmartContextLoader', parent = [null]].
15:27:45.935 [main] DEBUG org.springframework.test.context.support.AbstractGenericContextLoader - Loading ApplicationContext for merged context configuration [[MergedContextConfiguration@a38d7a3 testClass = AreaDaoTest, locations = '{classpath:spring/spring-dao.xml, classpath:spring/spring-service.xml}', classes = '{}', contextInitializerClasses = '[]', activeProfiles = '{}', propertySourceLocations = '{}', propertySourceProperties = '{}', contextCustomizers = set[[empty]], contextLoader = 'org.springframework.test.context.support.DelegatingSmartContextLoader', parent = [null]]].
15:27:45.997 [main] DEBUG org.springframework.core.env.StandardEnvironment - Activating profiles []
15:27:46.193 [main] DEBUG org.springframework.beans.factory.xml.XmlBeanDefinitionReader - Loaded 4 bean definitions from class path resource [spring/spring-dao.xml]
15:27:46.376 [main] DEBUG org.springframework.context.annotation.ClassPathBeanDefinitionScanner - Identified candidate component class: file [D:\covid19\target\classes\com\sgg\covid19\service\impl\ChinaServiceImpl.class]
15:27:46.386 [main] DEBUG org.springframework.context.annotation.ClassPathBeanDefinitionScanner - Identified candidate component class: file [D:\covid19\target\classes\com\sgg\covid19\service\impl\CityMoveServiceImpl.class]
15:27:46.395 [main] DEBUG org.springframework.context.annotation.ClassPathBeanDefinitionScanner - Identified candidate component class: file [D:\covid19\target\classes\com\sgg\covid19\service\impl\CityWorkServiceImpl.class]
15:27:46.403 [main] DEBUG org.springframework.context.annotation.ClassPathBeanDefinitionScanner - Identified candidate component class: file [D:\covid19\target\classes\com\sgg\covid19\service\impl\HospitalServiceImpl.class]
15:27:46.411 [main] DEBUG org.springframework.context.annotation.ClassPathBeanDefinitionScanner - Identified candidate component class: file [D:\covid19\target\classes\com\sgg\covid19\service\impl\HubeiServiceImpl.class]
15:27:46.418 [main] DEBUG org.springframework.context.annotation.ClassPathBeanDefinitionScanner - Identified candidate component class: file [D:\covid19\target\classes\com\sgg\covid19\service\impl\HubeiTotalServiceImpl.class]
15:27:46.426 [main] DEBUG org.springframework.context.annotation.ClassPathBeanDefinitionScanner - Identified candidate component class: file [D:\covid19\target\classes\com\sgg\covid19\service\impl\ProvinceMoveServiceImpl.class]
15:27:46.434 [main] DEBUG org.springframework.context.annotation.ClassPathBeanDefinitionScanner - Identified candidate component class: file [D:\covid19\target\classes\com\sgg\covid19\service\impl\ProvinceTotalServiceImpl.class]
15:27:46.444 [main] DEBUG org.springframework.context.annotation.ClassPathBeanDefinitionScanner - Identified candidate component class: file [D:\covid19\target\classes\com\sgg\covid19\service\impl\ProvinceWorkServiceImpl.class]
15:27:46.452 [main] DEBUG org.springframework.context.annotation.ClassPathBeanDefinitionScanner - Identified candidate component class: file [D:\covid19\target\classes\com\sgg\covid19\service\impl\WuhanServiceImpl.class]
15:27:46.490 [main] DEBUG org.springframework.beans.factory.xml.XmlBeanDefinitionReader - Loaded 21 bean definitions from class path resource [spring/spring-service.xml]
15:27:46.490 [main] DEBUG org.springframework.context.support.GenericApplicationContext - Refreshing org.springframework.context.support.GenericApplicationContext@64485a47
15:27:46.550 [main] DEBUG org.springframework.beans.factory.support.DefaultListableBeanFactory - Creating shared instance of singleton bean 'org.springframework.context.annotation.internalConfigurationAnnotationProcessor'
15:27:46.651 [main] DEBUG org.springframework.beans.factory.support.DefaultListableBeanFactory - Creating shared instance of singleton bean 'org.mybatis.spring.mapper.MapperScannerConfigurer#0'
15:27:46.710 [main] DEBUG org.apache.ibatis.logging.LogFactory - Logging initialized using 'class org.apache.ibatis.logging.slf4j.Slf4jImpl' adapter.
15:27:46.717 [main] DEBUG org.mybatis.spring.mapper.ClassPathMapperScanner - Ignored because not a concrete top-level class: file [D:\covid19\target\test-classes\com\sgg\covid19\dao\AreaDaoTest.class]
15:27:46.718 [main] DEBUG org.mybatis.spring.mapper.ClassPathMapperScanner - Ignored because not a concrete top-level class: file [D:\covid19\target\test-classes\com\sgg\covid19\dao\ChinaDaoTest.class]
15:27:46.719 [main] DEBUG org.mybatis.spring.mapper.ClassPathMapperScanner - Ignored because not a concrete top-level class: file [D:\covid19\target\test-classes\com\sgg\covid19\dao\CityMoveDaoTest.class]
15:27:46.720 [main] DEBUG org.mybatis.spring.mapper.ClassPathMapperScanner - Ignored because not a concrete top-level class: file [D:\covid19\target\test-classes\com\sgg\covid19\dao\CityWorkDapTest.class]
15:27:46.721 [main] DEBUG org.mybatis.spring.mapper.ClassPathMapperScanner - Ignored because not a concrete top-level class: file [D:\covid19\target\test-classes\com\sgg\covid19\dao\HospitalDaoDaoTest.class]
15:27:46.722 [main] DEBUG org.mybatis.spring.mapper.ClassPathMapperScanner - Ignored because not a concrete top-level class: file [D:\covid19\target\test-classes\com\sgg\covid19\dao\HubeiTotalDaoTest.class]
15:27:46.724 [main] DEBUG org.mybatis.spring.mapper.ClassPathMapperScanner - Ignored because not a concrete top-level class: file [D:\covid19\target\test-classes\com\sgg\covid19\dao\ProvinceMoveDaoTest.class]
15:27:46.725 [main] DEBUG org.mybatis.spring.mapper.ClassPathMapperScanner - Ignored because not a concrete top-level class: file [D:\covid19\target\test-classes\com\sgg\covid19\dao\ProvinceTotalDaoTest.class]
15:27:46.726 [main] DEBUG org.mybatis.spring.mapper.ClassPathMapperScanner - Ignored because not a concrete top-level class: file [D:\covid19\target\test-classes\com\sgg\covid19\dao\ProvinceWorkDaoTest.class]
15:27:46.727 [main] DEBUG org.mybatis.spring.mapper.ClassPathMapperScanner - Ignored because not a concrete top-level class: file [D:\covid19\target\test-classes\com\sgg\covid19\dao\WuhanDaoTest.class]
15:27:46.727 [main] DEBUG org.mybatis.spring.mapper.ClassPathMapperScanner - Identified candidate component class: file [D:\covid19\target\classes\com\sgg\covid19\dao\AreaDao.class]
15:27:46.728 [main] DEBUG org.mybatis.spring.mapper.ClassPathMapperScanner - Identified candidate component class: file [D:\covid19\target\classes\com\sgg\covid19\dao\ChinaDao.class]
15:27:46.728 [main] DEBUG org.mybatis.spring.mapper.ClassPathMapperScanner - Identified candidate component class: file [D:\covid19\target\classes\com\sgg\covid19\dao\CityMoveDao.class]
15:27:46.729 [main] DEBUG org.mybatis.spring.mapper.ClassPathMapperScanner - Identified candidate component class: file [D:\covid19\target\classes\com\sgg\covid19\dao\CityWorkDao.class]
15:27:46.730 [main] DEBUG org.mybatis.spring.mapper.ClassPathMapperScanner - Identified candidate component class: file [D:\covid19\target\classes\com\sgg\covid19\dao\HospitalDao.class]
15:27:46.738 [main] DEBUG org.mybatis.spring.mapper.ClassPathMapperScanner - Identified candidate component class: file [D:\covid19\target\classes\com\sgg\covid19\dao\HubeiDao.class]
15:27:46.738 [main] DEBUG org.mybatis.spring.mapper.ClassPathMapperScanner - Identified candidate component class: file [D:\covid19\target\classes\com\sgg\covid19\dao\HubeiTotalDao.class]
15:27:46.738 [main] DEBUG org.mybatis.spring.mapper.ClassPathMapperScanner - Identified candidate component class: file [D:\covid19\target\classes\com\sgg\covid19\dao\ProvinceMoveDao.class]
15:27:46.739 [main] DEBUG org.mybatis.spring.mapper.ClassPathMapperScanner - Identified candidate component class: file [D:\covid19\target\classes\com\sgg\covid19\dao\ProvinceTotalDao.class]
15:27:46.740 [main] DEBUG org.mybatis.spring.mapper.ClassPathMapperScanner - Identified candidate component class: file [D:\covid19\target\classes\com\sgg\covid19\dao\ProvinceWorkDao.class]
15:27:46.741 [main] DEBUG org.mybatis.spring.mapper.ClassPathMapperScanner - Identified candidate component class: file [D:\covid19\target\classes\com\sgg\covid19\dao\WuhanDao.class]
15:27:46.742 [main] DEBUG org.mybatis.spring.mapper.ClassPathMapperScanner - Creating MapperFactoryBean with name 'areaDao' and 'com.sgg.covid19.dao.AreaDao' mapperInterface
15:27:46.745 [main] DEBUG org.mybatis.spring.mapper.ClassPathMapperScanner - Creating MapperFactoryBean with name 'chinaDao' and 'com.sgg.covid19.dao.ChinaDao' mapperInterface
15:27:46.745 [main] DEBUG org.mybatis.spring.mapper.ClassPathMapperScanner - Creating MapperFactoryBean with name 'cityMoveDao' and 'com.sgg.covid19.dao.CityMoveDao' mapperInterface
15:27:46.745 [main] DEBUG org.mybatis.spring.mapper.ClassPathMapperScanner - Creating MapperFactoryBean with name 'cityWorkDao' and 'com.sgg.covid19.dao.CityWorkDao' mapperInterface
15:27:46.745 [main] DEBUG org.mybatis.spring.mapper.ClassPathMapperScanner - Creating MapperFactoryBean with name 'hospitalDao' and 'com.sgg.covid19.dao.HospitalDao' mapperInterface
15:27:46.745 [main] DEBUG org.mybatis.spring.mapper.ClassPathMapperScanner - Creating MapperFactoryBean with name 'hubeiDao' and 'com.sgg.covid19.dao.HubeiDao' mapperInterface
15:27:46.745 [main] DEBUG org.mybatis.spring.mapper.ClassPathMapperScanner - Creating MapperFactoryBean with name 'hubeiTotalDao' and 'com.sgg.covid19.dao.HubeiTotalDao' mapperInterface
15:27:46.745 [main] DEBUG org.mybatis.spring.mapper.ClassPathMapperScanner - Creating MapperFactoryBean with name 'provinceMoveDao' and 'com.sgg.covid19.dao.ProvinceMoveDao' mapperInterface
15:27:46.745 [main] DEBUG org.mybatis.spring.mapper.ClassPathMapperScanner - Creating MapperFactoryBean with name 'provinceTotalDao' and 'com.sgg.covid19.dao.ProvinceTotalDao' mapperInterface
15:27:46.746 [main] DEBUG org.mybatis.spring.mapper.ClassPathMapperScanner - Creating MapperFactoryBean with name 'provinceWorkDao' and 'com.sgg.covid19.dao.ProvinceWorkDao' mapperInterface
15:27:46.746 [main] DEBUG org.mybatis.spring.mapper.ClassPathMapperScanner - Creating MapperFactoryBean with name 'wuhanDao' and 'com.sgg.covid19.dao.WuhanDao' mapperInterface
15:27:46.751 [main] DEBUG org.springframework.beans.factory.support.DefaultListableBeanFactory - Creating shared instance of singleton bean 'org.springframework.context.support.PropertySourcesPlaceholderConfigurer#0'
15:27:46.780 [main] DEBUG org.springframework.core.env.PropertySourcesPropertyResolver - Found key 'jdbc.driver' in PropertySource 'localProperties' with value of type String
15:27:46.780 [main] DEBUG org.springframework.core.env.PropertySourcesPropertyResolver - Found key 'jdbc.url' in PropertySource 'localProperties' with value of type String
15:27:46.780 [main] DEBUG org.springframework.core.env.PropertySourcesPropertyResolver - Found key 'jdbc.username' in PropertySource 'localProperties' with value of type String
15:27:46.780 [main] DEBUG org.springframework.core.env.PropertySourcesPropertyResolver - Found key 'jdbc.password' in PropertySource 'localProperties' with value of type String
15:27:46.782 [main] DEBUG org.springframework.beans.factory.support.DefaultListableBeanFactory - Creating shared instance of singleton bean 'org.springframework.context.event.internalEventListenerProcessor'
15:27:46.784 [main] DEBUG org.springframework.beans.factory.support.DefaultListableBeanFactory - Creating shared instance of singleton bean 'org.springframework.context.event.internalEventListenerFactory'
15:27:46.785 [main] DEBUG org.springframework.beans.factory.support.DefaultListableBeanFactory - Creating shared instance of singleton bean 'org.springframework.transaction.config.internalTransactionalEventListenerFactory'
15:27:46.789 [main] DEBUG org.springframework.beans.factory.support.DefaultListableBeanFactory - Creating shared instance of singleton bean 'org.springframework.context.annotation.internalAutowiredAnnotationProcessor'
15:27:46.790 [main] DEBUG org.springframework.beans.factory.support.DefaultListableBeanFactory - Creating shared instance of singleton bean 'org.springframework.context.annotation.internalCommonAnnotationProcessor'
15:27:46.795 [main] DEBUG org.springframework.beans.factory.support.DefaultListableBeanFactory - Creating shared instance of singleton bean 'org.springframework.aop.config.internalAutoProxyCreator'
15:27:46.832 [main] DEBUG org.springframework.beans.factory.support.DefaultListableBeanFactory - Creating shared instance of singleton bean 'dataSource'
15:27:46.865 [MLog-Init-Reporter] INFO com.mchange.v2.log.MLog - MLog clients using slf4j logging.
15:27:46.875 [MLog-Init-Reporter] DEBUG com.mchange.v2.log.MLog - Reading VM config for path list /com/mchange/v2/log/default-mchange-log.properties, /mchange-commons.properties, /c3p0.properties, hocon:/reference,/application,/c3p0,/, /mchange-log.properties, /
15:27:46.875 [MLog-Init-Reporter] DEBUG com.mchange.v2.log.MLog - The configuration file for resource identifier '/mchange-commons.properties' could not be found. Skipping.
15:27:46.875 [MLog-Init-Reporter] DEBUG com.mchange.v2.log.MLog - The configuration file for resource identifier '/c3p0.properties' could not be found. Skipping.
15:27:46.875 [MLog-Init-Reporter] DEBUG com.mchange.v2.log.MLog - The configuration file for resource identifier 'hocon:/reference,/application,/c3p0,/' could not be found. Skipping.
15:27:46.875 [MLog-Init-Reporter] DEBUG com.mchange.v2.log.MLog - The configuration file for resource identifier '/mchange-log.properties' could not be found. Skipping.
15:27:46.879 [main] DEBUG com.mchange.v2.cfg.MConfig - The configuration file for resource identifier '/mchange-commons.properties' could not be found. Skipping.
15:27:46.879 [main] DEBUG com.mchange.v2.cfg.MConfig - The configuration file for resource identifier '/mchange-log.properties' could not be found. Skipping.
15:27:46.879 [main] DEBUG com.mchange.v2.cfg.MConfig - The configuration file for resource identifier 'hocon:/reference,/application,/c3p0,/' could not be found. Skipping.
15:27:46.879 [main] DEBUG com.mchange.v2.cfg.MConfig - The configuration file for resource identifier '/c3p0.properties' could not be found. Skipping.
15:27:47.302 [main] INFO com.mchange.v2.c3p0.C3P0Registry - Initializing c3p0-0.9.5.4 [built 23-March-2019 23:00:48 -0700; debug? true; trace: 10]
15:27:47.348 [main] DEBUG com.mchange.v2.c3p0.management.DynamicPooledDataSourceManagerMBean - MBean: com.mchange.v2.c3p0:type=PooledDataSource,identityToken=1hge139aaaqdmg91wbqur|25084a1e,name=1hge139aaaqdmg91wbqur|25084a1e registered.
15:27:47.383 [main] DEBUG com.mchange.v2.c3p0.management.DynamicPooledDataSourceManagerMBean - MBean: com.mchange.v2.c3p0:type=PooledDataSource,identityToken=1hge139aaaqdmg91wbqur|25084a1e,name=1hge139aaaqdmg91wbqur|25084a1e unregistered, in order to be reregistered after update.
15:27:47.383 [main] DEBUG com.mchange.v2.c3p0.management.DynamicPooledDataSourceManagerMBean - MBean: com.mchange.v2.c3p0:type=PooledDataSource,identityToken=1hge139aaaqdmg91wbqur|25084a1e,name=1hge139aaaqdmg91wbqur|25084a1e registered.
15:27:47.425 [main] DEBUG org.springframework.beans.factory.support.DefaultListableBeanFactory - Creating shared instance of singleton bean 'org.springframework.transaction.config.internalTransactionAdvisor'
15:27:47.427 [main] DEBUG org.springframework.beans.factory.support.DefaultListableBeanFactory - Creating shared instance of singleton bean 'org.springframework.transaction.annotation.AnnotationTransactionAttributeSource#0'
15:27:47.464 [main] DEBUG org.springframework.beans.factory.support.DefaultListableBeanFactory - Creating shared instance of singleton bean 'sqlSessionFactory'
15:27:47.702 [main] DEBUG org.mybatis.spring.SqlSessionFactoryBean - Parsed configuration file: 'class path resource [mybatis-config.xml]'
15:27:47.824 [main] DEBUG org.mybatis.spring.SqlSessionFactoryBean - Parsed mapper file: 'file [D:\covid19\target\classes\mapper\AreaDao.xml]'
15:27:47.843 [main] DEBUG org.mybatis.spring.SqlSessionFactoryBean - Parsed mapper file: 'file [D:\covid19\target\classes\mapper\ChinaDao.xml]'
15:27:47.864 [main] DEBUG org.mybatis.spring.SqlSessionFactoryBean - Parsed mapper file: 'file [D:\covid19\target\classes\mapper\CityMoveDao.xml]'
15:27:47.881 [main] DEBUG org.mybatis.spring.SqlSessionFactoryBean - Parsed mapper file: 'file [D:\covid19\target\classes\mapper\CityWorkDao.xml]'
15:27:47.903 [main] DEBUG org.mybatis.spring.SqlSessionFactoryBean - Parsed mapper file: 'file [D:\covid19\target\classes\mapper\HospitalDao.xml]'
15:27:47.922 [main] DEBUG org.mybatis.spring.SqlSessionFactoryBean - Parsed mapper file: 'file [D:\covid19\target\classes\mapper\HubeiDao.xml]'
15:27:47.943 [main] DEBUG org.mybatis.spring.SqlSessionFactoryBean - Parsed mapper file: 'file [D:\covid19\target\classes\mapper\HubeiTotalDao.xml]'
15:27:47.966 [main] DEBUG org.mybatis.spring.SqlSessionFactoryBean - Parsed mapper file: 'file [D:\covid19\target\classes\mapper\ProvinceMove.xml]'
15:27:47.991 [main] DEBUG org.mybatis.spring.SqlSessionFactoryBean - Parsed mapper file: 'file [D:\covid19\target\classes\mapper\ProvinceTotalDao.xml]'
15:27:48.008 [main] DEBUG org.mybatis.spring.SqlSessionFactoryBean - Parsed mapper file: 'file [D:\covid19\target\classes\mapper\ProvinceWorkDao.xml]'
15:27:48.023 [main] DEBUG org.mybatis.spring.SqlSessionFactoryBean - Parsed mapper file: 'file [D:\covid19\target\classes\mapper\WuhanDao.xml]'
15:27:48.029 [main] DEBUG org.springframework.beans.factory.support.DefaultListableBeanFactory - Creating shared instance of singleton bean 'chinaServiceImpl'
15:27:48.052 [main] DEBUG org.springframework.beans.factory.support.DefaultListableBeanFactory - Creating shared instance of singleton bean 'chinaDao'
15:27:48.081 [main] DEBUG org.springframework.beans.factory.support.DefaultListableBeanFactory - Creating shared instance of singleton bean 'cityMoveServiceImpl'
15:27:48.083 [main] DEBUG org.springframework.beans.factory.support.DefaultListableBeanFactory - Creating shared instance of singleton bean 'cityMoveDao'
15:27:48.086 [main] DEBUG org.springframework.beans.factory.support.DefaultListableBeanFactory - Creating shared instance of singleton bean 'cityWorkServiceImpl'
15:27:48.088 [main] DEBUG org.springframework.beans.factory.support.DefaultListableBeanFactory - Creating shared instance of singleton bean 'cityWorkDao'
15:27:48.090 [main] DEBUG org.springframework.beans.factory.support.DefaultListableBeanFactory - Creating shared instance of singleton bean 'hospitalServiceImpl'
15:27:48.091 [main] DEBUG org.springframework.beans.factory.support.DefaultListableBeanFactory - Creating shared instance of singleton bean 'hospitalDao'
15:27:48.094 [main] DEBUG org.springframework.beans.factory.support.DefaultListableBeanFactory - Creating shared instance of singleton bean 'hubeiServiceImpl'
15:27:48.096 [main] DEBUG org.springframework.beans.factory.support.DefaultListableBeanFactory - Creating shared instance of singleton bean 'hubeiDao'
15:27:48.099 [main] DEBUG org.springframework.beans.factory.support.DefaultListableBeanFactory - Creating shared instance of singleton bean 'hubeiTotalServiceImpl'
15:27:48.100 [main] DEBUG org.springframework.beans.factory.support.DefaultListableBeanFactory - Creating shared instance of singleton bean 'hubeiTotalDao'
15:27:48.103 [main] DEBUG org.springframework.beans.factory.support.DefaultListableBeanFactory - Creating shared instance of singleton bean 'provinceMoveServiceImpl'
15:27:48.104 [main] DEBUG org.springframework.beans.factory.support.DefaultListableBeanFactory - Creating shared instance of singleton bean 'provinceMoveDao'
15:27:48.106 [main] DEBUG org.springframework.beans.factory.support.DefaultListableBeanFactory - Creating shared instance of singleton bean 'provinceTotalServiceImpl'
15:27:48.108 [main] DEBUG org.springframework.beans.factory.support.DefaultListableBeanFactory - Creating shared instance of singleton bean 'provinceTotalDao'
15:27:48.113 [main] DEBUG org.springframework.beans.factory.support.DefaultListableBeanFactory - Creating shared instance of singleton bean 'provinceWorkServiceImpl'
15:27:48.114 [main] DEBUG org.springframework.beans.factory.support.DefaultListableBeanFactory - Creating shared instance of singleton bean 'provinceWorkDao'
15:27:48.117 [main] DEBUG org.springframework.beans.factory.support.DefaultListableBeanFactory - Creating shared instance of singleton bean 'wuhanServiceImpl'
15:27:48.118 [main] DEBUG org.springframework.beans.factory.support.DefaultListableBeanFactory - Creating shared instance of singleton bean 'wuhanDao'
15:27:48.120 [main] DEBUG org.springframework.beans.factory.support.DefaultListableBeanFactory - Creating shared instance of singleton bean 'transactionManager'
15:27:48.133 [main] DEBUG org.springframework.beans.factory.support.DefaultListableBeanFactory - Creating shared instance of singleton bean 'org.springframework.transaction.interceptor.TransactionInterceptor#0'
15:27:48.141 [main] DEBUG org.springframework.beans.factory.support.DefaultListableBeanFactory - Creating shared instance of singleton bean 'areaDao'
15:27:48.165 [main] DEBUG org.springframework.test.context.cache.DefaultCacheAwareContextLoaderDelegate - Storing ApplicationContext in cache under key [[MergedContextConfiguration@a38d7a3 testClass = AreaDaoTest, locations = '{classpath:spring/spring-dao.xml, classpath:spring/spring-service.xml}', classes = '{}', contextInitializerClasses = '[]', activeProfiles = '{}', propertySourceLocations = '{}', propertySourceProperties = '{}', contextCustomizers = set[[empty]], contextLoader = 'org.springframework.test.context.support.DelegatingSmartContextLoader', parent = [null]]]
15:27:48.165 [main] DEBUG org.springframework.test.context.cache - Spring test ApplicationContext cache statistics: [DefaultContextCache@1efe439d size = 1, maxSize = 32, parentContextCount = 0, hitCount = 0, missCount = 1]
15:27:48.171 [main] DEBUG org.springframework.test.context.support.AbstractDirtiesContextTestExecutionListener - Before test method: context [DefaultTestContext@1a3869f4 testClass = AreaDaoTest, testInstance = com.sgg.covid19.dao.AreaDaoTest@612679d6, testMethod = testQueryArea@AreaDaoTest, testException = [null], mergedContextConfiguration = [MergedContextConfiguration@a38d7a3 testClass = AreaDaoTest, locations = '{classpath:spring/spring-dao.xml, classpath:spring/spring-service.xml}', classes = '{}', contextInitializerClasses = '[]', activeProfiles = '{}', propertySourceLocations = '{}', propertySourceProperties = '{}', contextCustomizers = set[[empty]], contextLoader = 'org.springframework.test.context.support.DelegatingSmartContextLoader', parent = [null]], attributes = map[[empty]]], class annotated with @DirtiesContext [false] with mode [null], method annotated with @DirtiesContext [false] with mode [null].
15:27:48.185 [main] DEBUG org.mybatis.spring.SqlSessionUtils - Creating a new SqlSession
15:27:48.201 [main] DEBUG org.mybatis.spring.SqlSessionUtils - SqlSession [org.apache.ibatis.session.defaults.DefaultSqlSession@60df60da] was not registered for synchronization because synchronization is not active
15:27:48.212 [main] DEBUG org.springframework.jdbc.datasource.DataSourceUtils - Fetching JDBC Connection from DataSource
15:27:48.241 [main] INFO com.mchange.v2.c3p0.impl.AbstractPoolBackedDataSource - Initializing c3p0 pool... com.mchange.v2.c3p0.ComboPooledDataSource [ acquireIncrement -> 3, acquireRetryAttempts -> 2, acquireRetryDelay -> 1000, autoCommitOnClose -> false, automaticTestTable -> null, breakAfterAcquireFailure -> false, checkoutTimeout -> 10000, connectionCustomizerClassName -> null, connectionTesterClassName -> com.mchange.v2.c3p0.impl.DefaultConnectionTester, contextClassLoaderSource -> caller, dataSourceName -> 1hge139aaaqdmg91wbqur|25084a1e, debugUnreturnedConnectionStackTraces -> false, description -> null, driverClass -> com.mysql.cj.jdbc.Driver, extensions -> {}, factoryClassLocation -> null, forceIgnoreUnresolvedTransactions -> false, forceSynchronousCheckins -> false, forceUseNamedDriverClass -> false, identityToken -> 1hge139aaaqdmg91wbqur|25084a1e, idleConnectionTestPeriod -> 0, initialPoolSize -> 10, jdbcUrl -> jdbc:mysql://47.97.211.164:3306/covid19?useUnicode=true&characterEncoding=utf8&serverTimezone=GMT%2B8, maxAdministrativeTaskTime -> 0, maxConnectionAge -> 0, maxIdleTime -> 0, maxIdleTimeExcessConnections -> 0, maxPoolSize -> 30, maxStatements -> 0, maxStatementsPerConnection -> 0, minPoolSize -> 10, numHelperThreads -> 3, preferredTestQuery -> null, privilegeSpawnedThreads -> false, properties -> {user=******, password=******}, propertyCycle -> 0, statementCacheNumDeferredCloseThreads -> 0, testConnectionOnCheckin -> false, testConnectionOnCheckout -> false, unreturnedConnectionTimeout -> 0, userOverrides -> {}, usesTraditionalReflectiveProxies -> false ]
15:27:48.257 [main] DEBUG com.mchange.v2.cfg.MConfig - The configuration file for resource identifier '/mchange-commons.properties' could not be found. Skipping.
15:27:48.257 [main] DEBUG com.mchange.v2.cfg.MConfig - The configuration file for resource identifier '/mchange-log.properties' could not be found. Skipping.
15:27:48.257 [main] DEBUG com.mchange.v2.cfg.MConfig - The configuration file for resource identifier '/c3p0.properties' could not be found. Skipping.
15:27:48.257 [main] DEBUG com.mchange.v2.cfg.MConfig - The configuration file for resource identifier 'hocon:/reference,/application,/c3p0,/' could not be found. Skipping.
15:27:48.259 [main] DEBUG com.mchange.v2.resourcepool.BasicResourcePool - com.mchange.v2.resourcepool.BasicResourcePool@38aa816f config: [start -> 10; min -> 10; max -> 30; inc -> 3; num_acq_attempts -> 2; acq_attempt_delay -> 1000; check_idle_resources_delay -> 0; max_resource_age -> 0; max_idle_time -> 0; excess_max_idle_time -> 0; destroy_unreturned_resc_time -> 0; expiration_enforcement_delay -> 0; break_on_acquisition_failure -> false; debug_store_checkout_exceptions -> false; force_synchronous_checkins -> false]
15:27:48.259 [main] DEBUG com.mchange.v2.c3p0.impl.C3P0PooledConnectionPoolManager - Created new pool for auth, username (masked): 'wo******'.
15:27:48.260 [main] DEBUG com.mchange.v2.resourcepool.BasicResourcePool - acquire test -- pool size: 0; target_pool_size: 10; desired target? 1
15:27:48.260 [main] DEBUG com.mchange.v2.resourcepool.BasicResourcePool - awaitAvailable(): [unknown]
15:27:49.750 [main] DEBUG org.mybatis.spring.transaction.SpringManagedTransaction - JDBC Connection [com.mchange.v2.c3p0.impl.NewProxyConnection@539d019 [wrapping: com.mysql.cj.jdbc.ConnectionImpl@39a2bb97]] will not be managed by Spring
15:27:49.764 [main] DEBUG com.sgg.covid19.dao.AreaDao.queryArea - ==>  Preparing: SELECT area_id,area_name FROM tb_area 
15:27:49.823 [main] DEBUG com.sgg.covid19.dao.AreaDao.queryArea - ==> Parameters: 
15:27:49.887 [main] DEBUG com.mchange.v2.c3p0.impl.NewPooledConnection - com.mchange.v2.c3p0.impl.NewPooledConnection@1b4c83c5 handling a throwable.
java.sql.SQLSyntaxErrorException: Table 'covid19.tb_area' doesn't exist
	at com.mysql.cj.jdbc.exceptions.SQLError.createSQLException(SQLError.java:120)
	at com.mysql.cj.jdbc.exceptions.SQLError.createSQLException(SQLError.java:97)
	at com.mysql.cj.jdbc.exceptions.SQLExceptionsMapping.translateException(SQLExceptionsMapping.java:122)
	at com.mysql.cj.jdbc.ClientPreparedStatement.executeInternal(ClientPreparedStatement.java:955)
	at com.mysql.cj.jdbc.ClientPreparedStatement.execute(ClientPreparedStatement.java:372)
	at com.mchange.v2.c3p0.impl.NewProxyPreparedStatement.execute(NewProxyPreparedStatement.java:67)
	at sun.reflect.NativeMethodAccessorImpl.invoke0(Native Method)
	at sun.reflect.NativeMethodAccessorImpl.invoke(NativeMethodAccessorImpl.java:62)
	at sun.reflect.DelegatingMethodAccessorImpl.invoke(DelegatingMethodAccessorImpl.java:43)
	at java.lang.reflect.Method.invoke(Method.java:498)
	at org.apache.ibatis.logging.jdbc.PreparedStatementLogger.invoke(PreparedStatementLogger.java:59)
	at com.sun.proxy.$Proxy39.execute(Unknown Source)
	at org.apache.ibatis.executor.statement.PreparedStatementHandler.query(PreparedStatementHandler.java:64)
	at org.apache.ibatis.executor.statement.RoutingStatementHandler.query(RoutingStatementHandler.java:79)
	at org.apache.ibatis.executor.SimpleExecutor.doQuery(SimpleExecutor.java:63)
	at org.apache.ibatis.executor.BaseExecutor.queryFromDatabase(BaseExecutor.java:324)
	at org.apache.ibatis.executor.BaseExecutor.query(BaseExecutor.java:156)
	at org.apache.ibatis.executor.CachingExecutor.query(CachingExecutor.java:109)
	at com.github.pagehelper.PageInterceptor.intercept(PageInterceptor.java:108)
	at org.apache.ibatis.plugin.Plugin.invoke(Plugin.java:61)
	at com.sun.proxy.$Proxy37.query(Unknown Source)
	at org.apache.ibatis.session.defaults.DefaultSqlSession.selectList(DefaultSqlSession.java:147)
	at org.apache.ibatis.session.defaults.DefaultSqlSession.selectList(DefaultSqlSession.java:140)
	at sun.reflect.NativeMethodAccessorImpl.invoke0(Native Method)
	at sun.reflect.NativeMethodAccessorImpl.invoke(NativeMethodAccessorImpl.java:62)
	at sun.reflect.DelegatingMethodAccessorImpl.invoke(DelegatingMethodAccessorImpl.java:43)
	at java.lang.reflect.Method.invoke(Method.java:498)
	at org.mybatis.spring.SqlSessionTemplate$SqlSessionInterceptor.invoke(SqlSessionTemplate.java:433)
	at com.sun.proxy.$Proxy21.selectList(Unknown Source)
	at org.mybatis.spring.SqlSessionTemplate.selectList(SqlSessionTemplate.java:230)
	at org.apache.ibatis.binding.MapperMethod.executeForMany(MapperMethod.java:147)
	at org.apache.ibatis.binding.MapperMethod.execute(MapperMethod.java:80)
	at org.apache.ibatis.binding.MapperProxy.invoke(MapperProxy.java:58)
	at com.sun.proxy.$Proxy34.queryArea(Unknown Source)
	at com.sgg.covid19.dao.AreaDaoTest.testQueryArea(AreaDaoTest.java:18)
	at sun.reflect.NativeMethodAccessorImpl.invoke0(Native Method)
	at sun.reflect.NativeMethodAccessorImpl.invoke(NativeMethodAccessorImpl.java:62)
	at sun.reflect.DelegatingMethodAccessorImpl.invoke(DelegatingMethodAccessorImpl.java:43)
	at java.lang.reflect.Method.invoke(Method.java:498)
	at org.junit.runners.model.FrameworkMethod$1.runReflectiveCall(FrameworkMethod.java:50)
	at org.junit.internal.runners.model.ReflectiveCallable.run(ReflectiveCallable.java:12)
	at org.junit.runners.model.FrameworkMethod.invokeExplosively(FrameworkMethod.java:47)
	at org.junit.internal.runners.statements.InvokeMethod.evaluate(InvokeMethod.java:17)
	at org.springframework.test.context.junit4.statements.RunBeforeTestExecutionCallbacks.evaluate(RunBeforeTestExecutionCallbacks.java:74)
	at org.springframework.test.context.junit4.statements.RunAfterTestExecutionCallbacks.evaluate(RunAfterTestExecutionCallbacks.java:84)
	at org.springframework.test.context.junit4.statements.RunBeforeTestMethodCallbacks.evaluate(RunBeforeTestMethodCallbacks.java:75)
	at org.springframework.test.context.junit4.statements.RunAfterTestMethodCallbacks.evaluate(RunAfterTestMethodCallbacks.java:86)
	at org.springframework.test.context.junit4.statements.SpringRepeat.evaluate(SpringRepeat.java:84)
	at org.junit.runners.ParentRunner.runLeaf(ParentRunner.java:325)
	at org.springframework.test.context.junit4.SpringJUnit4ClassRunner.runChild(SpringJUnit4ClassRunner.java:251)
	at org.springframework.test.context.junit4.SpringJUnit4ClassRunner.runChild(SpringJUnit4ClassRunner.java:97)
	at org.junit.runners.ParentRunner$3.run(ParentRunner.java:290)
	at org.junit.runners.ParentRunner$1.schedule(ParentRunner.java:71)
	at org.junit.runners.ParentRunner.runChildren(ParentRunner.java:288)
	at org.junit.runners.ParentRunner.access$000(ParentRunner.java:58)
	at org.junit.runners.ParentRunner$2.evaluate(ParentRunner.java:268)
	at org.springframework.test.context.junit4.statements.RunBeforeTestClassCallbacks.evaluate(RunBeforeTestClassCallbacks.java:61)
	at org.springframework.test.context.junit4.statements.RunAfterTestClassCallbacks.evaluate(RunAfterTestClassCallbacks.java:70)
	at org.junit.runners.ParentRunner.run(ParentRunner.java:363)
	at org.springframework.test.context.junit4.SpringJUnit4ClassRunner.run(SpringJUnit4ClassRunner.java:190)
	at org.apache.maven.surefire.junit4.JUnit4Provider.execute(JUnit4Provider.java:365)
	at org.apache.maven.surefire.junit4.JUnit4Provider.executeWithRerun(JUnit4Provider.java:273)
	at org.apache.maven.surefire.junit4.JUnit4Provider.executeTestSet(JUnit4Provider.java:238)
	at org.apache.maven.surefire.junit4.JUnit4Provider.invoke(JUnit4Provider.java:159)
	at org.apache.maven.surefire.booter.ForkedBooter.invokeProviderInSameClassLoader(ForkedBooter.java:384)
	at org.apache.maven.surefire.booter.ForkedBooter.runSuitesInProcess(ForkedBooter.java:345)
	at org.apache.maven.surefire.booter.ForkedBooter.execute(ForkedBooter.java:126)
	at org.apache.maven.surefire.booter.ForkedBooter.main(ForkedBooter.java:418)
15:27:49.890 [main] DEBUG com.mchange.v2.sql.SqlUtils - Attempted to convert SQLException to SQLException. Leaving it alone. [SQLState: 42S02; errorCode: 1146]
java.sql.SQLSyntaxErrorException: Table 'covid19.tb_area' doesn't exist
	at com.mysql.cj.jdbc.exceptions.SQLError.createSQLException(SQLError.java:120)
	at com.mysql.cj.jdbc.exceptions.SQLError.createSQLException(SQLError.java:97)
	at com.mysql.cj.jdbc.exceptions.SQLExceptionsMapping.translateException(SQLExceptionsMapping.java:122)
	at com.mysql.cj.jdbc.ClientPreparedStatement.executeInternal(ClientPreparedStatement.java:955)
	at com.mysql.cj.jdbc.ClientPreparedStatement.execute(ClientPreparedStatement.java:372)
	at com.mchange.v2.c3p0.impl.NewProxyPreparedStatement.execute(NewProxyPreparedStatement.java:67)
	at sun.reflect.NativeMethodAccessorImpl.invoke0(Native Method)
	at sun.reflect.NativeMethodAccessorImpl.invoke(NativeMethodAccessorImpl.java:62)
	at sun.reflect.DelegatingMethodAccessorImpl.invoke(DelegatingMethodAccessorImpl.java:43)
	at java.lang.reflect.Method.invoke(Method.java:498)
	at org.apache.ibatis.logging.jdbc.PreparedStatementLogger.invoke(PreparedStatementLogger.java:59)
	at com.sun.proxy.$Proxy39.execute(Unknown Source)
	at org.apache.ibatis.executor.statement.PreparedStatementHandler.query(PreparedStatementHandler.java:64)
	at org.apache.ibatis.executor.statement.RoutingStatementHandler.query(RoutingStatementHandler.java:79)
	at org.apache.ibatis.executor.SimpleExecutor.doQuery(SimpleExecutor.java:63)
	at org.apache.ibatis.executor.BaseExecutor.queryFromDatabase(BaseExecutor.java:324)
	at org.apache.ibatis.executor.BaseExecutor.query(BaseExecutor.java:156)
	at org.apache.ibatis.executor.CachingExecutor.query(CachingExecutor.java:109)
	at com.github.pagehelper.PageInterceptor.intercept(PageInterceptor.java:108)
	at org.apache.ibatis.plugin.Plugin.invoke(Plugin.java:61)
	at com.sun.proxy.$Proxy37.query(Unknown Source)
	at org.apache.ibatis.session.defaults.DefaultSqlSession.selectList(DefaultSqlSession.java:147)
	at org.apache.ibatis.session.defaults.DefaultSqlSession.selectList(DefaultSqlSession.java:140)
	at sun.reflect.NativeMethodAccessorImpl.invoke0(Native Method)
	at sun.reflect.NativeMethodAccessorImpl.invoke(NativeMethodAccessorImpl.java:62)
	at sun.reflect.DelegatingMethodAccessorImpl.invoke(DelegatingMethodAccessorImpl.java:43)
	at java.lang.reflect.Method.invoke(Method.java:498)
	at org.mybatis.spring.SqlSessionTemplate$SqlSessionInterceptor.invoke(SqlSessionTemplate.java:433)
	at com.sun.proxy.$Proxy21.selectList(Unknown Source)
	at org.mybatis.spring.SqlSessionTemplate.selectList(SqlSessionTemplate.java:230)
	at org.apache.ibatis.binding.MapperMethod.executeForMany(MapperMethod.java:147)
	at org.apache.ibatis.binding.MapperMethod.execute(MapperMethod.java:80)
	at org.apache.ibatis.binding.MapperProxy.invoke(MapperProxy.java:58)
	at com.sun.proxy.$Proxy34.queryArea(Unknown Source)
	at com.sgg.covid19.dao.AreaDaoTest.testQueryArea(AreaDaoTest.java:18)
	at sun.reflect.NativeMethodAccessorImpl.invoke0(Native Method)
	at sun.reflect.NativeMethodAccessorImpl.invoke(NativeMethodAccessorImpl.java:62)
	at sun.reflect.DelegatingMethodAccessorImpl.invoke(DelegatingMethodAccessorImpl.java:43)
	at java.lang.reflect.Method.invoke(Method.java:498)
	at org.junit.runners.model.FrameworkMethod$1.runReflectiveCall(FrameworkMethod.java:50)
	at org.junit.internal.runners.model.ReflectiveCallable.run(ReflectiveCallable.java:12)
	at org.junit.runners.model.FrameworkMethod.invokeExplosively(FrameworkMethod.java:47)
	at org.junit.internal.runners.statements.InvokeMethod.evaluate(InvokeMethod.java:17)
	at org.springframework.test.context.junit4.statements.RunBeforeTestExecutionCallbacks.evaluate(RunBeforeTestExecutionCallbacks.java:74)
	at org.springframework.test.context.junit4.statements.RunAfterTestExecutionCallbacks.evaluate(RunAfterTestExecutionCallbacks.java:84)
	at org.springframework.test.context.junit4.statements.RunBeforeTestMethodCallbacks.evaluate(RunBeforeTestMethodCallbacks.java:75)
	at org.springframework.test.context.junit4.statements.RunAfterTestMethodCallbacks.evaluate(RunAfterTestMethodCallbacks.java:86)
	at org.springframework.test.context.junit4.statements.SpringRepeat.evaluate(SpringRepeat.java:84)
	at org.junit.runners.ParentRunner.runLeaf(ParentRunner.java:325)
	at org.springframework.test.context.junit4.SpringJUnit4ClassRunner.runChild(SpringJUnit4ClassRunner.java:251)
	at org.springframework.test.context.junit4.SpringJUnit4ClassRunner.runChild(SpringJUnit4ClassRunner.java:97)
	at org.junit.runners.ParentRunner$3.run(ParentRunner.java:290)
	at org.junit.runners.ParentRunner$1.schedule(ParentRunner.java:71)
	at org.junit.runners.ParentRunner.runChildren(ParentRunner.java:288)
	at org.junit.runners.ParentRunner.access$000(ParentRunner.java:58)
	at org.junit.runners.ParentRunner$2.evaluate(ParentRunner.java:268)
	at org.springframework.test.context.junit4.statements.RunBeforeTestClassCallbacks.evaluate(RunBeforeTestClassCallbacks.java:61)
	at org.springframework.test.context.junit4.statements.RunAfterTestClassCallbacks.evaluate(RunAfterTestClassCallbacks.java:70)
	at org.junit.runners.ParentRunner.run(ParentRunner.java:363)
	at org.springframework.test.context.junit4.SpringJUnit4ClassRunner.run(SpringJUnit4ClassRunner.java:190)
	at org.apache.maven.surefire.junit4.JUnit4Provider.execute(JUnit4Provider.java:365)
	at org.apache.maven.surefire.junit4.JUnit4Provider.executeWithRerun(JUnit4Provider.java:273)
	at org.apache.maven.surefire.junit4.JUnit4Provider.executeTestSet(JUnit4Provider.java:238)
	at org.apache.maven.surefire.junit4.JUnit4Provider.invoke(JUnit4Provider.java:159)
	at org.apache.maven.surefire.booter.ForkedBooter.invokeProviderInSameClassLoader(ForkedBooter.java:384)
	at org.apache.maven.surefire.booter.ForkedBooter.runSuitesInProcess(ForkedBooter.java:345)
	at org.apache.maven.surefire.booter.ForkedBooter.execute(ForkedBooter.java:126)
	at org.apache.maven.surefire.booter.ForkedBooter.main(ForkedBooter.java:418)
15:27:49.890 [main] DEBUG com.mchange.v2.c3p0.impl.DefaultConnectionTester - Testing a Connection in response to an Exception:
java.sql.SQLSyntaxErrorException: Table 'covid19.tb_area' doesn't exist
	at com.mysql.cj.jdbc.exceptions.SQLError.createSQLException(SQLError.java:120)
	at com.mysql.cj.jdbc.exceptions.SQLError.createSQLException(SQLError.java:97)
	at com.mysql.cj.jdbc.exceptions.SQLExceptionsMapping.translateException(SQLExceptionsMapping.java:122)
	at com.mysql.cj.jdbc.ClientPreparedStatement.executeInternal(ClientPreparedStatement.java:955)
	at com.mysql.cj.jdbc.ClientPreparedStatement.execute(ClientPreparedStatement.java:372)
	at com.mchange.v2.c3p0.impl.NewProxyPreparedStatement.execute(NewProxyPreparedStatement.java:67)
	at sun.reflect.NativeMethodAccessorImpl.invoke0(Native Method)
	at sun.reflect.NativeMethodAccessorImpl.invoke(NativeMethodAccessorImpl.java:62)
	at sun.reflect.DelegatingMethodAccessorImpl.invoke(DelegatingMethodAccessorImpl.java:43)
	at java.lang.reflect.Method.invoke(Method.java:498)
	at org.apache.ibatis.logging.jdbc.PreparedStatementLogger.invoke(PreparedStatementLogger.java:59)
	at com.sun.proxy.$Proxy39.execute(Unknown Source)
	at org.apache.ibatis.executor.statement.PreparedStatementHandler.query(PreparedStatementHandler.java:64)
	at org.apache.ibatis.executor.statement.RoutingStatementHandler.query(RoutingStatementHandler.java:79)
	at org.apache.ibatis.executor.SimpleExecutor.doQuery(SimpleExecutor.java:63)
	at org.apache.ibatis.executor.BaseExecutor.queryFromDatabase(BaseExecutor.java:324)
	at org.apache.ibatis.executor.BaseExecutor.query(BaseExecutor.java:156)
	at org.apache.ibatis.executor.CachingExecutor.query(CachingExecutor.java:109)
	at com.github.pagehelper.PageInterceptor.intercept(PageInterceptor.java:108)
	at org.apache.ibatis.plugin.Plugin.invoke(Plugin.java:61)
	at com.sun.proxy.$Proxy37.query(Unknown Source)
	at org.apache.ibatis.session.defaults.DefaultSqlSession.selectList(DefaultSqlSession.java:147)
	at org.apache.ibatis.session.defaults.DefaultSqlSession.selectList(DefaultSqlSession.java:140)
	at sun.reflect.NativeMethodAccessorImpl.invoke0(Native Method)
	at sun.reflect.NativeMethodAccessorImpl.invoke(NativeMethodAccessorImpl.java:62)
	at sun.reflect.DelegatingMethodAccessorImpl.invoke(DelegatingMethodAccessorImpl.java:43)
	at java.lang.reflect.Method.invoke(Method.java:498)
	at org.mybatis.spring.SqlSessionTemplate$SqlSessionInterceptor.invoke(SqlSessionTemplate.java:433)
	at com.sun.proxy.$Proxy21.selectList(Unknown Source)
	at org.mybatis.spring.SqlSessionTemplate.selectList(SqlSessionTemplate.java:230)
	at org.apache.ibatis.binding.MapperMethod.executeForMany(MapperMethod.java:147)
	at org.apache.ibatis.binding.MapperMethod.execute(MapperMethod.java:80)
	at org.apache.ibatis.binding.MapperProxy.invoke(MapperProxy.java:58)
	at com.sun.proxy.$Proxy34.queryArea(Unknown Source)
	at com.sgg.covid19.dao.AreaDaoTest.testQueryArea(AreaDaoTest.java:18)
	at sun.reflect.NativeMethodAccessorImpl.invoke0(Native Method)
	at sun.reflect.NativeMethodAccessorImpl.invoke(NativeMethodAccessorImpl.java:62)
	at sun.reflect.DelegatingMethodAccessorImpl.invoke(DelegatingMethodAccessorImpl.java:43)
	at java.lang.reflect.Method.invoke(Method.java:498)
	at org.junit.runners.model.FrameworkMethod$1.runReflectiveCall(FrameworkMethod.java:50)
	at org.junit.internal.runners.model.ReflectiveCallable.run(ReflectiveCallable.java:12)
	at org.junit.runners.model.FrameworkMethod.invokeExplosively(FrameworkMethod.java:47)
	at org.junit.internal.runners.statements.InvokeMethod.evaluate(InvokeMethod.java:17)
	at org.springframework.test.context.junit4.statements.RunBeforeTestExecutionCallbacks.evaluate(RunBeforeTestExecutionCallbacks.java:74)
	at org.springframework.test.context.junit4.statements.RunAfterTestExecutionCallbacks.evaluate(RunAfterTestExecutionCallbacks.java:84)
	at org.springframework.test.context.junit4.statements.RunBeforeTestMethodCallbacks.evaluate(RunBeforeTestMethodCallbacks.java:75)
	at org.springframework.test.context.junit4.statements.RunAfterTestMethodCallbacks.evaluate(RunAfterTestMethodCallbacks.java:86)
	at org.springframework.test.context.junit4.statements.SpringRepeat.evaluate(SpringRepeat.java:84)
	at org.junit.runners.ParentRunner.runLeaf(ParentRunner.java:325)
	at org.springframework.test.context.junit4.SpringJUnit4ClassRunner.runChild(SpringJUnit4ClassRunner.java:251)
	at org.springframework.test.context.junit4.SpringJUnit4ClassRunner.runChild(SpringJUnit4ClassRunner.java:97)
	at org.junit.runners.ParentRunner$3.run(ParentRunner.java:290)
	at org.junit.runners.ParentRunner$1.schedule(ParentRunner.java:71)
	at org.junit.runners.ParentRunner.runChildren(ParentRunner.java:288)
	at org.junit.runners.ParentRunner.access$000(ParentRunner.java:58)
	at org.junit.runners.ParentRunner$2.evaluate(ParentRunner.java:268)
	at org.springframework.test.context.junit4.statements.RunBeforeTestClassCallbacks.evaluate(RunBeforeTestClassCallbacks.java:61)
	at org.springframework.test.context.junit4.statements.RunAfterTestClassCallbacks.evaluate(RunAfterTestClassCallbacks.java:70)
	at org.junit.runners.ParentRunner.run(ParentRunner.java:363)
	at org.springframework.test.context.junit4.SpringJUnit4ClassRunner.run(SpringJUnit4ClassRunner.java:190)
	at org.apache.maven.surefire.junit4.JUnit4Provider.execute(JUnit4Provider.java:365)
	at org.apache.maven.surefire.junit4.JUnit4Provider.executeWithRerun(JUnit4Provider.java:273)
	at org.apache.maven.surefire.junit4.JUnit4Provider.executeTestSet(JUnit4Provider.java:238)
	at org.apache.maven.surefire.junit4.JUnit4Provider.invoke(JUnit4Provider.java:159)
	at org.apache.maven.surefire.booter.ForkedBooter.invokeProviderInSameClassLoader(ForkedBooter.java:384)
	at org.apache.maven.surefire.booter.ForkedBooter.runSuitesInProcess(ForkedBooter.java:345)
	at org.apache.maven.surefire.booter.ForkedBooter.execute(ForkedBooter.java:126)
	at org.apache.maven.surefire.booter.ForkedBooter.main(ForkedBooter.java:418)
15:27:49.950 [main] DEBUG org.mybatis.spring.SqlSessionUtils - Closing non transactional SqlSession [org.apache.ibatis.session.defaults.DefaultSqlSession@60df60da]
15:27:49.993 [main] DEBUG org.springframework.beans.factory.xml.XmlBeanDefinitionReader - Loaded 11 bean definitions from class path resource [org/springframework/jdbc/support/sql-error-codes.xml]
15:27:49.996 [main] DEBUG org.springframework.beans.factory.support.DefaultListableBeanFactory - Creating shared instance of singleton bean 'DB2'
15:27:50.004 [main] DEBUG org.springframework.beans.factory.support.DefaultListableBeanFactory - Creating shared instance of singleton bean 'Derby'
15:27:50.008 [main] DEBUG org.springframework.beans.factory.support.DefaultListableBeanFactory - Creating shared instance of singleton bean 'H2'
15:27:50.010 [main] DEBUG org.springframework.beans.factory.support.DefaultListableBeanFactory - Creating shared instance of singleton bean 'HDB'
15:27:50.015 [main] DEBUG org.springframework.beans.factory.support.DefaultListableBeanFactory - Creating shared instance of singleton bean 'HSQL'
15:27:50.015 [main] DEBUG org.springframework.beans.factory.support.DefaultListableBeanFactory - Creating shared instance of singleton bean 'Informix'
15:27:50.016 [main] DEBUG org.springframework.beans.factory.support.DefaultListableBeanFactory - Creating shared instance of singleton bean 'MS-SQL'
15:27:50.017 [main] DEBUG org.springframework.beans.factory.support.DefaultListableBeanFactory - Creating shared instance of singleton bean 'MySQL'
15:27:50.018 [main] DEBUG org.springframework.beans.factory.support.DefaultListableBeanFactory - Creating shared instance of singleton bean 'Oracle'
15:27:50.019 [main] DEBUG org.springframework.beans.factory.support.DefaultListableBeanFactory - Creating shared instance of singleton bean 'PostgreSQL'
15:27:50.020 [main] DEBUG org.springframework.beans.factory.support.DefaultListableBeanFactory - Creating shared instance of singleton bean 'Sybase'
15:27:50.021 [main] DEBUG org.springframework.jdbc.support.SQLErrorCodesFactory - Looking up default SQLErrorCodes for DataSource [com.mchange.v2.c3p0.ComboPooledDataSource@dab7cfb6]
15:27:50.025 [main] DEBUG org.springframework.jdbc.datasource.DataSourceUtils - Fetching JDBC Connection from DataSource
15:27:50.033 [main] DEBUG org.springframework.jdbc.support.SQLErrorCodesFactory - SQL error codes for 'MySQL' found
15:27:50.033 [main] DEBUG org.springframework.jdbc.support.SQLErrorCodesFactory - Caching SQL error codes for DataSource [com.mchange.v2.c3p0.ComboPooledDataSource@dab7cfb6]: database product name is 'MySQL'
15:27:50.034 [main] DEBUG org.springframework.jdbc.support.SQLErrorCodeSQLExceptionTranslator - Translating SQLException with SQL state '42S02', error code '1146', message [Table 'covid19.tb_area' doesn't exist] for task [
### Error querying database.  Cause: java.sql.SQLSyntaxErrorException: Table 'covid19.tb_area' doesn't exist
### The error may exist in file [D:\covid19\target\classes\mapper\AreaDao.xml]
### The error may involve defaultParameterMap
### The error occurred while setting parameters
### SQL: SELECT area_id,area_name         FROM tb_area
### Cause: java.sql.SQLSyntaxErrorException: Table 'covid19.tb_area' doesn't exist
]
15:27:50.038 [main] DEBUG org.springframework.test.context.support.AbstractDirtiesContextTestExecutionListener - After test method: context [DefaultTestContext@1a3869f4 testClass = AreaDaoTest, testInstance = com.sgg.covid19.dao.AreaDaoTest@612679d6, testMethod = testQueryArea@AreaDaoTest, testException = org.springframework.jdbc.BadSqlGrammarException: 
### Error querying database.  Cause: java.sql.SQLSyntaxErrorException: Table 'covid19.tb_area' doesn't exist
### The error may exist in file [D:\covid19\target\classes\mapper\AreaDao.xml]
### The error may involve defaultParameterMap
### The error occurred while setting parameters
### SQL: SELECT area_id,area_name         FROM tb_area
### Cause: java.sql.SQLSyntaxErrorException: Table 'covid19.tb_area' doesn't exist
; bad SQL grammar []; nested exception is java.sql.SQLSyntaxErrorException: Table 'covid19.tb_area' doesn't exist, mergedContextConfiguration = [MergedContextConfiguration@a38d7a3 testClass = AreaDaoTest, locations = '{classpath:spring/spring-dao.xml, classpath:spring/spring-service.xml}', classes = '{}', contextInitializerClasses = '[]', activeProfiles = '{}', propertySourceLocations = '{}', propertySourceProperties = '{}', contextCustomizers = set[[empty]], contextLoader = 'org.springframework.test.context.support.DelegatingSmartContextLoader', parent = [null]], attributes = map[[empty]]], class annotated with @DirtiesContext [false] with mode [null], method annotated with @DirtiesContext [false] with mode [null].
]]></system-out>
  </testcase>
</testsuite>